[W 12:06:51.525 NotebookApp] WARNING: The notebook server is listening on all IP addresses and not using encryption. This is not recommended.
[I 12:06:51.541 NotebookApp] JupyterLab beta preview extension loaded from /home/he/anaconda3/lib/python3.6/site-packages/jupyterlab
[I 12:06:51.541 NotebookApp] JupyterLab application directory is /home/he/anaconda3/share/jupyter/lab
[I 12:06:51.544 NotebookApp] Serving notebooks from local directory: /home/he/Projects/fastai
[I 12:06:51.544 NotebookApp] 0 active kernels
[I 12:06:51.544 NotebookApp] The Jupyter Notebook is running at:
[I 12:06:51.544 NotebookApp] http://sse:8888/
[I 12:06:51.544 NotebookApp] Use Control-C to stop this server and shut down all kernels (twice to skip confirmation).
[I 12:07:02.983 NotebookApp] 302 GET / (192.168.1.100) 1.41ms
[I 12:07:09.668 NotebookApp] Creating new directory in 
[W 12:07:53.195 NotebookApp] Notebook densenet161-dataaug.ipynb is not trusted
[I 12:07:53.951 NotebookApp] Kernel started: 7f8cc8a6-1a13-458d-9279-7836f5a2a133
[I 12:07:54.379 NotebookApp] Adapting to protocol v5.1 for kernel 7f8cc8a6-1a13-458d-9279-7836f5a2a133
[I 12:07:57.899 NotebookApp] Starting buffering for 7f8cc8a6-1a13-458d-9279-7836f5a2a133:4de022bcff974cbb83163bc92d4e8a58
[I 12:07:58.117 NotebookApp] Kernel restarted: 7f8cc8a6-1a13-458d-9279-7836f5a2a133
[I 12:07:58.474 NotebookApp] Adapting to protocol v5.1 for kernel 7f8cc8a6-1a13-458d-9279-7836f5a2a133
[I 12:07:58.474 NotebookApp] Restoring connection for 7f8cc8a6-1a13-458d-9279-7836f5a2a133:4de022bcff974cbb83163bc92d4e8a58
[I 12:07:58.474 NotebookApp] Replaying 3 buffered messages
[I 12:09:53.910 NotebookApp] Saving file at /densenet161-dataaug.ipynb
[I 12:13:53.909 NotebookApp] Saving file at /densenet161-dataaug.ipynb
[I 12:15:53.913 NotebookApp] Saving file at /densenet161-dataaug.ipynb
[I 13:03:35.660 NotebookApp] Starting buffering for 7f8cc8a6-1a13-458d-9279-7836f5a2a133:4de022bcff974cbb83163bc92d4e8a58
[I 13:04:56.918 NotebookApp] Adapting to protocol v5.1 for kernel 7f8cc8a6-1a13-458d-9279-7836f5a2a133
[I 13:08:04.000 NotebookApp] 302 GET / (192.168.1.100) 1.09ms
[I 13:09:26.922 NotebookApp] Starting buffering for 7f8cc8a6-1a13-458d-9279-7836f5a2a133:c0f5d4c17a4b4a9b9a81746918120685
[I 13:09:27.336 NotebookApp] Kernel restarted: 7f8cc8a6-1a13-458d-9279-7836f5a2a133
[I 13:09:27.623 NotebookApp] Adapting to protocol v5.1 for kernel 7f8cc8a6-1a13-458d-9279-7836f5a2a133
[I 13:09:27.623 NotebookApp] Restoring connection for 7f8cc8a6-1a13-458d-9279-7836f5a2a133:c0f5d4c17a4b4a9b9a81746918120685
[I 13:09:27.623 NotebookApp] Replaying 3 buffered messages
[I 13:10:56.935 NotebookApp] Saving file at /densenet161-dataaug.ipynb
[I 13:12:56.941 NotebookApp] Saving file at /densenet161-dataaug.ipynb
[I 13:20:56.951 NotebookApp] Saving file at /densenet161-dataaug.ipynb
[I 13:22:56.936 NotebookApp] Saving file at /densenet161-dataaug.ipynb
[I 13:24:56.917 NotebookApp] Saving file at /densenet161-dataaug.ipynb
[I 13:26:56.921 NotebookApp] Saving file at /densenet161-dataaug.ipynb
[I 13:28:56.929 NotebookApp] Saving file at /densenet161-dataaug.ipynb
[I 13:30:56.935 NotebookApp] Saving file at /densenet161-dataaug.ipynb
[I 13:32:56.917 NotebookApp] Saving file at /densenet161-dataaug.ipynb
[I 13:34:56.963 NotebookApp] Saving file at /densenet161-dataaug.ipynb
[I 13:36:56.924 NotebookApp] Saving file at /densenet161-dataaug.ipynb
[I 13:38:56.998 NotebookApp] Saving file at /densenet161-dataaug.ipynb
[I 13:40:56.978 NotebookApp] Saving file at /densenet161-dataaug.ipynb
[I 13:42:56.993 NotebookApp] Saving file at /densenet161-dataaug.ipynb
[I 13:44:57.104 NotebookApp] Saving file at /densenet161-dataaug.ipynb
[I 13:46:57.139 NotebookApp] Saving file at /densenet161-dataaug.ipynb
[I 13:48:56.992 NotebookApp] Saving file at /densenet161-dataaug.ipynb
[I 13:56:57.150 NotebookApp] Saving file at /densenet161-dataaug.ipynb
[I 14:04:57.093 NotebookApp] Saving file at /densenet161-dataaug.ipynb
[I 14:06:57.004 NotebookApp] Saving file at /densenet161-dataaug.ipynb
[I 14:10:57.108 NotebookApp] Saving file at /densenet161-dataaug.ipynb
[I 14:12:57.014 NotebookApp] Saving file at /densenet161-dataaug.ipynb
[I 14:14:56.955 NotebookApp] Saving file at /densenet161-dataaug.ipynb
[I 14:24:57.058 NotebookApp] Saving file at /densenet161-dataaug.ipynb
[I 14:26:56.973 NotebookApp] Saving file at /densenet161-dataaug.ipynb
[I 14:30:57.004 NotebookApp] Saving file at /densenet161-dataaug.ipynb
[I 14:32:56.966 NotebookApp] Saving file at /densenet161-dataaug.ipynb
[I 14:34:57.633 NotebookApp] Saving file at /densenet161-dataaug.ipynb
[I 14:36:57.019 NotebookApp] Saving file at /densenet161-dataaug.ipynb
[I 14:38:56.921 NotebookApp] Saving file at /densenet161-dataaug.ipynb
[I 14:39:35.510 NotebookApp] Copying densenet161-dataaug.ipynb to 
[I 14:39:38.909 NotebookApp] Kernel started: 7d0aa0f6-b9e7-4298-80ff-b4478a5e15f7
[I 14:39:39.194 NotebookApp] Adapting to protocol v5.1 for kernel 7d0aa0f6-b9e7-4298-80ff-b4478a5e15f7
[I 14:39:59.540 NotebookApp] Starting buffering for 7d0aa0f6-b9e7-4298-80ff-b4478a5e15f7:803cb5d7597945ff867218318a10526a
[I 14:39:59.750 NotebookApp] Kernel restarted: 7d0aa0f6-b9e7-4298-80ff-b4478a5e15f7
[I 14:40:00.053 NotebookApp] Adapting to protocol v5.1 for kernel 7d0aa0f6-b9e7-4298-80ff-b4478a5e15f7
[I 14:40:00.054 NotebookApp] Restoring connection for 7d0aa0f6-b9e7-4298-80ff-b4478a5e15f7:803cb5d7597945ff867218318a10526a
[I 14:40:00.054 NotebookApp] Replaying 3 buffered messages
[I 14:40:56.974 NotebookApp] Saving file at /dsn201.ipynb
[I 14:41:38.932 NotebookApp] Saving file at /se-renext50.ipynb
[I 14:42:56.917 NotebookApp] Saving file at /dsn201.ipynb
[I 14:43:38.934 NotebookApp] Saving file at /se-renext50.ipynb
[I 14:44:56.904 NotebookApp] Saving file at /dsn201.ipynb
[I 14:46:56.967 NotebookApp] Saving file at /dsn201.ipynb
[I 14:47:40.859 NotebookApp] Saving file at /se-renext50.ipynb
[I 14:48:56.912 NotebookApp] Saving file at /dsn201.ipynb
[I 14:49:38.918 NotebookApp] Saving file at /se-renext50.ipynb
[I 14:50:56.913 NotebookApp] Saving file at /dsn201.ipynb
[I 14:51:38.916 NotebookApp] Saving file at /se-renext50.ipynb
[I 14:52:56.943 NotebookApp] Saving file at /dsn201.ipynb
[I 14:53:38.911 NotebookApp] Saving file at /se-renext50.ipynb
[I 14:54:56.965 NotebookApp] Saving file at /dsn201.ipynb
[I 14:56:57.734 NotebookApp] Saving file at /dsn201.ipynb
[I 14:57:39.094 NotebookApp] Saving file at /se-renext50.ipynb
[I 14:58:56.898 NotebookApp] Saving file at /dsn201.ipynb
[I 14:59:38.944 NotebookApp] Saving file at /se-renext50.ipynb
[I 15:00:56.928 NotebookApp] Saving file at /dsn201.ipynb
[I 15:01:38.920 NotebookApp] Saving file at /se-renext50.ipynb
[I 15:02:56.928 NotebookApp] Saving file at /dsn201.ipynb
[I 15:03:38.907 NotebookApp] Saving file at /se-renext50.ipynb
[I 15:04:56.925 NotebookApp] Saving file at /dsn201.ipynb
[I 15:05:38.902 NotebookApp] Saving file at /se-renext50.ipynb
[I 15:06:56.901 NotebookApp] Saving file at /dsn201.ipynb
[I 15:07:38.932 NotebookApp] Saving file at /se-renext50.ipynb
[I 15:08:56.935 NotebookApp] Saving file at /dsn201.ipynb
[I 15:09:38.938 NotebookApp] Saving file at /se-renext50.ipynb
[I 15:10:56.900 NotebookApp] Saving file at /dsn201.ipynb
[I 15:11:17.653 NotebookApp] Starting buffering for 7f8cc8a6-1a13-458d-9279-7836f5a2a133:c0f5d4c17a4b4a9b9a81746918120685
[I 15:11:18.487 NotebookApp] Kernel restarted: 7f8cc8a6-1a13-458d-9279-7836f5a2a133
[I 15:11:18.927 NotebookApp] Adapting to protocol v5.1 for kernel 7f8cc8a6-1a13-458d-9279-7836f5a2a133
[I 15:11:18.927 NotebookApp] Restoring connection for 7f8cc8a6-1a13-458d-9279-7836f5a2a133:c0f5d4c17a4b4a9b9a81746918120685
[I 15:11:18.927 NotebookApp] Replaying 5 buffered messages
[I 15:11:38.961 NotebookApp] Saving file at /se-renext50.ipynb
[I 15:12:56.879 NotebookApp] Saving file at /dsn201.ipynb
[I 15:13:39.035 NotebookApp] Saving file at /se-renext50.ipynb
[I 15:14:56.951 NotebookApp] Saving file at /dsn201.ipynb
[I 15:15:38.968 NotebookApp] Saving file at /se-renext50.ipynb
[I 15:16:57.096 NotebookApp] Saving file at /dsn201.ipynb
[I 15:17:38.947 NotebookApp] Saving file at /se-renext50.ipynb
[I 15:18:57.020 NotebookApp] Saving file at /dsn201.ipynb
[I 15:19:38.976 NotebookApp] Saving file at /se-renext50.ipynb
[I 15:20:57.010 NotebookApp] Saving file at /dsn201.ipynb
[I 15:21:39.018 NotebookApp] Saving file at /se-renext50.ipynb
[I 15:22:57.060 NotebookApp] Saving file at /dsn201.ipynb
[I 15:24:57.033 NotebookApp] Saving file at /dsn201.ipynb
[I 15:25:39.037 NotebookApp] Saving file at /se-renext50.ipynb
[I 15:26:56.972 NotebookApp] Saving file at /dsn201.ipynb
[I 15:27:39.037 NotebookApp] Saving file at /se-renext50.ipynb
[I 15:28:57.113 NotebookApp] Saving file at /dsn201.ipynb
[I 15:29:38.989 NotebookApp] Saving file at /se-renext50.ipynb
[I 15:30:57.026 NotebookApp] Saving file at /dsn201.ipynb
[I 15:31:38.983 NotebookApp] Saving file at /se-renext50.ipynb
[I 15:32:57.186 NotebookApp] Saving file at /dsn201.ipynb
[I 15:33:38.985 NotebookApp] Saving file at /se-renext50.ipynb
[I 15:34:57.032 NotebookApp] Saving file at /dsn201.ipynb
[I 15:35:39.000 NotebookApp] Saving file at /se-renext50.ipynb
[I 15:36:57.150 NotebookApp] Saving file at /dsn201.ipynb
[I 15:37:39.295 NotebookApp] Saving file at /se-renext50.ipynb
[I 15:38:57.036 NotebookApp] Saving file at /dsn201.ipynb
[I 15:40:57.136 NotebookApp] Saving file at /dsn201.ipynb
[I 16:16:57.024 NotebookApp] Saving file at /dsn201.ipynb
[I 16:18:57.084 NotebookApp] Saving file at /dsn201.ipynb
[I 16:19:38.904 NotebookApp] Saving file at /se-renext50.ipynb
[I 16:20:57.163 NotebookApp] Saving file at /dsn201.ipynb
[I 16:21:38.919 NotebookApp] Saving file at /se-renext50.ipynb
[I 16:22:57.004 NotebookApp] Saving file at /dsn201.ipynb
[I 16:23:38.952 NotebookApp] Saving file at /se-renext50.ipynb
[I 16:24:57.151 NotebookApp] Saving file at /dsn201.ipynb
[I 16:25:38.932 NotebookApp] Saving file at /se-renext50.ipynb
[I 16:27:38.909 NotebookApp] Saving file at /se-renext50.ipynb
[I 16:29:38.927 NotebookApp] Saving file at /se-renext50.ipynb
[I 16:31:38.902 NotebookApp] Saving file at /se-renext50.ipynb
[I 16:33:38.947 NotebookApp] Saving file at /se-renext50.ipynb
[I 16:37:38.956 NotebookApp] Saving file at /se-renext50.ipynb
[I 16:39:38.913 NotebookApp] Saving file at /se-renext50.ipynb
[I 16:41:38.917 NotebookApp] Saving file at /se-renext50.ipynb
[I 16:43:38.958 NotebookApp] Saving file at /se-renext50.ipynb
[I 16:49:40.915 NotebookApp] Starting buffering for 7f8cc8a6-1a13-458d-9279-7836f5a2a133:c0f5d4c17a4b4a9b9a81746918120685
[I 16:55:34.569 NotebookApp] Starting buffering for 7d0aa0f6-b9e7-4298-80ff-b4478a5e15f7:803cb5d7597945ff867218318a10526a
[C 16:56:18.570 NotebookApp] received signal 15, stopping
[I 16:56:18.570 NotebookApp] Shutting down 2 kernels
[I 16:56:19.173 NotebookApp] Kernel shutdown: 7f8cc8a6-1a13-458d-9279-7836f5a2a133
[I 16:56:19.774 NotebookApp] Kernel shutdown: 7d0aa0f6-b9e7-4298-80ff-b4478a5e15f7
